
Board Size = 1
 -----
|     |
|  Q  |
|     |
 -----

Board Size = 2
solution doest not exists.

Board Size = 3
solution doest not exists.

Board Size = 4
 -----------------------
|     |     |     |     |
|     |  Q  |     |     |
|     |     |     |     |
 -----------------------
|     |     |     |     |
|     |     |     |  Q  |
|     |     |     |     |
 -----------------------
|     |     |     |     |
|  Q  |     |     |     |
|     |     |     |     |
 -----------------------
|     |     |     |     |
|     |     |  Q  |     |
|     |     |     |     |
 -----------------------

Board Size = 5
 -----------------------------
|     |     |     |     |     |
|     |     |  Q  |     |     |
|     |     |     |     |     |
 -----------------------------
|     |     |     |     |     |
|  Q  |     |     |     |     |
|     |     |     |     |     |
 -----------------------------
|     |     |     |     |     |
|     |     |     |  Q  |     |
|     |     |     |     |     |
 -----------------------------
|     |     |     |     |     |
|     |  Q  |     |     |     |
|     |     |     |     |     |
 -----------------------------
|     |     |     |     |     |
|     |     |     |     |  Q  |
|     |     |     |     |     |
 -----------------------------

Board Size = 6
 -----------------------------------
|     |     |     |     |     |     |
|     |     |     |     |  Q  |     |
|     |     |     |     |     |     |
 -----------------------------------
|     |     |     |     |     |     |
|     |     |  Q  |     |     |     |
|     |     |     |     |     |     |
 -----------------------------------
|     |     |     |     |     |     |
|  Q  |     |     |     |     |     |
|     |     |     |     |     |     |
 -----------------------------------
|     |     |     |     |     |     |
|     |     |     |     |     |  Q  |
|     |     |     |     |     |     |
 -----------------------------------
|     |     |     |     |     |     |
|     |     |     |  Q  |     |     |
|     |     |     |     |     |     |
 -----------------------------------
|     |     |     |     |     |     |
|     |  Q  |     |     |     |     |
|     |     |     |     |     |     |
 -----------------------------------

Board Size = 7
 -----------------------------------------
|     |     |     |     |     |     |     |
|     |     |     |     |  Q  |     |     |
|     |     |     |     |     |     |     |
 -----------------------------------------
|     |     |     |     |     |     |     |
|     |     |     |     |     |     |  Q  |
|     |     |     |     |     |     |     |
 -----------------------------------------
|     |     |     |     |     |     |     |
|     |  Q  |     |     |     |     |     |
|     |     |     |     |     |     |     |
 -----------------------------------------
|     |     |     |     |     |     |     |
|     |     |     |  Q  |     |     |     |
|     |     |     |     |     |     |     |
 -----------------------------------------
|     |     |     |     |     |     |     |
|     |     |     |     |     |  Q  |     |
|     |     |     |     |     |     |     |
 -----------------------------------------
|     |     |     |     |     |     |     |
|  Q  |     |     |     |     |     |     |
|     |     |     |     |     |     |     |
 -----------------------------------------
|     |     |     |     |     |     |     |
|     |     |  Q  |     |     |     |     |
|     |     |     |     |     |     |     |
 -----------------------------------------

Board Size = 8
 -----------------------------------------------
|     |     |     |     |     |     |     |     |
|     |     |     |     |     |     |     |  Q  |
|     |     |     |     |     |     |     |     |
 -----------------------------------------------
|     |     |     |     |     |     |     |     |
|     |     |     |  Q  |     |     |     |     |
|     |     |     |     |     |     |     |     |
 -----------------------------------------------
|     |     |     |     |     |     |     |     |
|  Q  |     |     |     |     |     |     |     |
|     |     |     |     |     |     |     |     |
 -----------------------------------------------
|     |     |     |     |     |     |     |     |
|     |     |  Q  |     |     |     |     |     |
|     |     |     |     |     |     |     |     |
 -----------------------------------------------
|     |     |     |     |     |     |     |     |
|     |     |     |     |     |  Q  |     |     |
|     |     |     |     |     |     |     |     |
 -----------------------------------------------
|     |     |     |     |     |     |     |     |
|     |  Q  |     |     |     |     |     |     |
|     |     |     |     |     |     |     |     |
 -----------------------------------------------
|     |     |     |     |     |     |     |     |
|     |     |     |     |     |     |  Q  |     |
|     |     |     |     |     |     |     |     |
 -----------------------------------------------
|     |     |     |     |     |     |     |     |
|     |     |     |     |  Q  |     |     |     |
|     |     |     |     |     |     |     |     |
 -----------------------------------------------
